<?xml version="1.0" encoding="UTF-8"?>
<!-- Generated by org.testng.reporters.JUnitXMLReporter -->
<testsuite ignored="0" hostname="Mihirs-MacBook-Air.local" failures="0" tests="5" name="Default test" time="86.839" errors="0" timestamp="2024-02-22T23:16:52 IST">
  <testcase classname="proj_package.Tests.Test1" name="test1" time="7.509"/>
  <testcase classname="proj_package.Tests.Test1" name="test2" time="11.819"/>
  <testcase classname="proj_package.Tests.Test1" name="test3" time="11.088"/>
  <testcase classname="proj_package.Tests.Test1" name="test4" time="6.954"/>
  <testcase classname="proj_package.Tests.Test1" name="test5" time="4.128"/>
</testsuite> <!-- Default test -->
