<?xml version="1.0" encoding="UTF-8"?>
<!-- Generated by org.testng.reporters.JUnitXMLReporter -->
<testsuite ignored="5" hostname="Mihirs-MacBook-Air.local" failures="0" tests="1" name="Default test" time="33.381" errors="0" timestamp="2024-03-11T22:08:39 IST">
  <testcase classname="proj_package.Tests.Test1" name="test6" time="21.096"/>
  <testcase classname="proj_package.Tests.Test1" name="test3" time="0.0">
    <ignored/>
  </testcase> <!-- test3 -->
  <testcase classname="proj_package.Tests.Test1" name="test4" time="0.0">
    <ignored/>
  </testcase> <!-- test4 -->
  <testcase classname="proj_package.Tests.Test1" name="test5" time="0.0">
    <ignored/>
  </testcase> <!-- test5 -->
  <testcase classname="proj_package.Tests.Test1" name="test1" time="0.0">
    <ignored/>
  </testcase> <!-- test1 -->
  <testcase classname="proj_package.Tests.Test1" name="test2" time="0.0">
    <ignored/>
  </testcase> <!-- test2 -->
</testsuite> <!-- Default test -->
