<?xml version="1.0" encoding="UTF-8"?>
<!-- Generated by org.testng.reporters.JUnitXMLReporter -->
<testsuite ignored="0" hostname="Mihirs-MacBook-Air.local" failures="0" tests="5" name="Test" time="106.622" errors="0" timestamp="2024-02-22T21:01:49 IST">
  <testcase classname="proj_package.Tests.Test1" name="test1" time="7.488"/>
  <testcase classname="proj_package.Tests.Test1" name="test2" time="9.954"/>
  <testcase classname="proj_package.Tests.Test1" name="test3" time="11.789"/>
  <testcase classname="proj_package.Tests.Test1" name="test5" time="3.982"/>
  <testcase classname="proj_package.Tests.Test1" name="text4" time="12.113"/>
</testsuite> <!-- Test -->
