<?xml version="1.0" encoding="UTF-8"?>
<!-- Generated by org.testng.reporters.JUnitXMLReporter -->
<testsuite ignored="0" hostname="Mihirs-MacBook-Air.local" failures="0" tests="4" name="Test" time="79.62" errors="0" timestamp="2024-02-22T22:58:58 IST">
  <testcase classname="proj_package.Tests.Test1" name="test1" time="7.133"/>
  <testcase classname="proj_package.Tests.Test1" name="test2" time="11.883"/>
  <testcase classname="proj_package.Tests.Test1" name="test3" time="12.364"/>
  <testcase classname="proj_package.Tests.Test1" name="test4" time="7.64"/>
</testsuite> <!-- Test -->
