<?xml version="1.0" encoding="UTF-8"?>
<testng-results ignored="0" total="5" passed="5" failed="0" skipped="0">
  <reporter-output>
  </reporter-output>
  <suite started-at="2024-02-22T13:44:52 IST" name="Suite" finished-at="2024-02-22T13:46:28 IST" duration-ms="96619">
    <groups>
      <group name="smoke">
        <method signature="Test1.test1()[pri:0, instance:proj_package.Tests.Test1@528c868]" name="test1" class="proj_package.Tests.Test1"/>
      </group> <!-- smoke -->
    </groups>
    <test started-at="2024-02-22T13:44:52 IST" name="Test" finished-at="2024-02-22T13:46:28 IST" duration-ms="96619">
      <class name="proj_package.Tests.Test1">
        <test-method is-config="true" signature="launchBrowser()[pri:0, instance:proj_package.Tests.Test1@528c868]" started-at="2024-02-22T13:44:52 IST" name="launchBrowser" finished-at="2024-02-22T13:45:03 IST" duration-ms="10856" status="PASS">
          <reporter-output>
          </reporter-output>
        </test-method> <!-- launchBrowser -->
        <test-method signature="test1()[pri:0, instance:proj_package.Tests.Test1@528c868]" started-at="2024-02-22T13:45:03 IST" name="test1" description="verify if user search for a product in searchbar, user gets the appropiate results(product displayed after search should match/contains the string searched by user)" finished-at="2024-02-22T13:45:10 IST" duration-ms="7253" status="PASS">
          <reporter-output>
          </reporter-output>
        </test-method> <!-- test1 -->
        <test-method is-config="true" signature="closeBrowser()[pri:0, instance:proj_package.Tests.Test1@528c868]" started-at="2024-02-22T13:45:10 IST" name="closeBrowser" finished-at="2024-02-22T13:45:10 IST" duration-ms="102" status="PASS">
          <reporter-output>
          </reporter-output>
        </test-method> <!-- closeBrowser -->
        <test-method is-config="true" signature="launchBrowser()[pri:0, instance:proj_package.Tests.Test1@528c868]" started-at="2024-02-22T13:45:10 IST" name="launchBrowser" finished-at="2024-02-22T13:45:18 IST" duration-ms="8196" status="PASS">
          <reporter-output>
          </reporter-output>
        </test-method> <!-- launchBrowser -->
        <test-method signature="test2()[pri:0, instance:proj_package.Tests.Test1@528c868]" started-at="2024-02-22T13:45:18 IST" name="test2" description="Verify that if user search for wrong product or product which is not available he/she should get message[Sorry,no products matched your search!] stating that the searched product is not available." finished-at="2024-02-22T13:45:28 IST" duration-ms="9817" status="PASS">
          <reporter-output>
          </reporter-output>
        </test-method> <!-- test2 -->
        <test-method is-config="true" signature="closeBrowser()[pri:0, instance:proj_package.Tests.Test1@528c868]" started-at="2024-02-22T13:45:28 IST" name="closeBrowser" finished-at="2024-02-22T13:45:28 IST" duration-ms="86" status="PASS">
          <reporter-output>
          </reporter-output>
        </test-method> <!-- closeBrowser -->
        <test-method is-config="true" signature="launchBrowser()[pri:0, instance:proj_package.Tests.Test1@528c868]" started-at="2024-02-22T13:45:28 IST" name="launchBrowser" finished-at="2024-02-22T13:45:37 IST" duration-ms="8902" status="PASS">
          <reporter-output>
          </reporter-output>
        </test-method> <!-- launchBrowser -->
        <test-method signature="test3()[pri:0, instance:proj_package.Tests.Test1@528c868]" started-at="2024-02-22T13:45:37 IST" name="test3" description="Validate if user is able to add a product of choice to cart from the list of available products on dashboard/homepage and that product must be available/visible in cart." finished-at="2024-02-22T13:45:50 IST" duration-ms="13126" status="PASS">
          <reporter-output>
          </reporter-output>
        </test-method> <!-- test3 -->
        <test-method is-config="true" signature="closeBrowser()[pri:0, instance:proj_package.Tests.Test1@528c868]" started-at="2024-02-22T13:45:50 IST" name="closeBrowser" finished-at="2024-02-22T13:45:50 IST" duration-ms="84" status="PASS">
          <reporter-output>
          </reporter-output>
        </test-method> <!-- closeBrowser -->
        <test-method is-config="true" signature="launchBrowser()[pri:0, instance:proj_package.Tests.Test1@528c868]" started-at="2024-02-22T13:45:50 IST" name="launchBrowser" finished-at="2024-02-22T13:46:02 IST" duration-ms="11771" status="PASS">
          <reporter-output>
          </reporter-output>
        </test-method> <!-- launchBrowser -->
        <test-method signature="test5()[pri:0, instance:proj_package.Tests.Test1@528c868]" started-at="2024-02-22T13:46:02 IST" name="test5" description="Validate when user click on add to cart button to add product to cart the button text should get changed to added stating that product has been succesfully added to cart" finished-at="2024-02-22T13:46:06 IST" duration-ms="3845" status="PASS">
          <reporter-output>
          </reporter-output>
        </test-method> <!-- test5 -->
        <test-method is-config="true" signature="closeBrowser()[pri:0, instance:proj_package.Tests.Test1@528c868]" started-at="2024-02-22T13:46:06 IST" name="closeBrowser" finished-at="2024-02-22T13:46:06 IST" duration-ms="88" status="PASS">
          <reporter-output>
          </reporter-output>
        </test-method> <!-- closeBrowser -->
        <test-method is-config="true" signature="launchBrowser()[pri:0, instance:proj_package.Tests.Test1@528c868]" started-at="2024-02-22T13:46:06 IST" name="launchBrowser" finished-at="2024-02-22T13:46:16 IST" duration-ms="9893" status="PASS">
          <reporter-output>
          </reporter-output>
        </test-method> <!-- launchBrowser -->
        <test-method signature="text4()[pri:0, instance:proj_package.Tests.Test1@528c868]" started-at="2024-02-22T13:46:16 IST" name="text4" description="validate if user can search for a specific product and add it to cart also verify that searched product added to cart are actually available/visible in cart" finished-at="2024-02-22T13:46:28 IST" duration-ms="12427" status="PASS">
          <reporter-output>
          </reporter-output>
        </test-method> <!-- text4 -->
        <test-method is-config="true" signature="closeBrowser()[pri:0, instance:proj_package.Tests.Test1@528c868]" started-at="2024-02-22T13:46:28 IST" name="closeBrowser" finished-at="2024-02-22T13:46:28 IST" duration-ms="85" status="PASS">
          <reporter-output>
          </reporter-output>
        </test-method> <!-- closeBrowser -->
      </class> <!-- proj_package.Tests.Test1 -->
    </test> <!-- Test -->
  </suite> <!-- Suite -->
</testng-results>
